
---HTRX:000F0114, HTRX.respMD5:8E21C110A292A50D748073F3C1AFC5FE HTRX.reqkey:03000000F84584E159A0BBEB79537C9A7AE54E8D1E22860BB4DAD5D82930E26BE822A558
---URL: http://api.facebook.com/method/logging.mobilelogs
***HTRX:000F0116  HTRX.respMD5:8E21C110A292A50D748073F3C1AFC5FE HTRX.reqkey:03000000F84584E159A0BBEB79537C9A7AE54E8DBC4F9D39D498BEA4B3474611985B2F84
***URL: http://api.facebook.com/method/logging.mobilelogs
***HTRX:000F0117  HTRX.respMD5:8E21C110A292A50D748073F3C1AFC5FE HTRX.reqkey:03000000F84584E159A0BBEB79537C9A7AE54E8D86FBAE9CC106DEBB3724DEFB949185AA
***URL: http://api.facebook.com/method/logging.mobilelogs
***HTRX:000F0110  HTRX.respMD5:8E21C110A292A50D748073F3C1AFC5FE HTRX.reqkey:03000000F84584E159A0BBEB79537C9A7AE54E8D3FF120AF7045665B49AA0AECF24719CC
***URL: http://api.facebook.com/method/logging.mobilelogs
***HTRX:000F0111  HTRX.respMD5:8E21C110A292A50D748073F3C1AFC5FE HTRX.reqkey:03000000F84584E159A0BBEB79537C9A7AE54E8D6B8F161D790B490D05D65FFFD1DC3374
***URL: http://api.facebook.com/method/logging.mobilelogs
***HTRX:000F0119  HTRX.respMD5:8E21C110A292A50D748073F3C1AFC5FE HTRX.reqkey:03000000F84584E159A0BBEB79537C9A7AE54E8DD71AD569F6BFC395DC86DE34F981CD95
***URL: http://api.facebook.com/method/logging.mobilelogs
***HTRX:000F011A  HTRX.respMD5:8E21C110A292A50D748073F3C1AFC5FE HTRX.reqkey:03000000F84584E159A0BBEB79537C9A7AE54E8D987238AAFF8ADDAD2BD01A79799D885C
***URL: http://api.facebook.com/method/logging.mobilelogs
***HTRX:0075027C  HTRX.respMD5:8E21C110A292A50D748073F3C1AFC5FE HTRX.reqkey:03000000F84584E159A0BBEB79537C9A7AE54E8D0E25DF32B6F6494DD0EA08682FDAA0E6
***URL: http://api.facebook.com/method/logging.mobilelogs
***HTRX:00750279  HTRX.respMD5:8E21C110A292A50D748073F3C1AFC5FE HTRX.reqkey:03000000F84584E159A0BBEB79537C9A7AE54E8D947DF1EE6D3E0E8C6F7BE53233D69E53
***URL: http://api.facebook.com/method/logging.mobilelogs
***HTRX:001001CE  HTRX.respMD5:8E21C110A292A50D748073F3C1AFC5FE HTRX.reqkey:03000000F84584E159A0BBEB79537C9A7AE54E8D34A1619DE8FCB155F3C0AA9CA083803C
***URL: http://api.facebook.com/method/logging.mobilelogs
***HTRX:001001CC  HTRX.respMD5:8E21C110A292A50D748073F3C1AFC5FE HTRX.reqkey:03000000F84584E159A0BBEB79537C9A7AE54E8D3D9EDECAA31FA48B764B937923292001
***URL: http://api.facebook.com/method/logging.mobilelogs
***HTRX:001001CB  HTRX.respMD5:8E21C110A292A50D748073F3C1AFC5FE HTRX.reqkey:03000000F84584E159A0BBEB79537C9A7AE54E8D4CF29BB85A581BE6BCEC7537E563EF83
***URL: http://api.facebook.com/method/logging.mobilelogs
***HTRX:00380013  HTRX.respMD5:8E21C110A292A50D748073F3C1AFC5FE HTRX.reqkey:03000000F84584E159A0BBEB79537C9A7AE54E8DE0FFECF66A0E00E93CE4AC9F76006C54
***URL: http://api.facebook.com/method/logging.mobilelogs
***HTRX:006A01A4  HTRX.respMD5:8E21C110A292A50D748073F3C1AFC5FE HTRX.reqkey:03000000F84584E159A0BBEB79537C9A7AE54E8D18784CA90A5EDD4D12420762DF8481F5
***URL: http://api.facebook.com/method/logging.mobilelogs
***HTRX:000E010B  HTRX.respMD5:8E21C110A292A50D748073F3C1AFC5FE HTRX.reqkey:03000000F84584E159A0BBEB79537C9A7AE54E8D501FBDC882062AF83A71A07785A8A893
***URL: http://api.facebook.com/method/logging.mobilelogs
***HTRX:006A01A8  HTRX.respMD5:8E21C110A292A50D748073F3C1AFC5FE HTRX.reqkey:03000000F84584E159A0BBEB79537C9A7AE54E8D2418E1A0F9FF9B394EDB916CA7C5643D
***URL: http://api.facebook.com/method/logging.mobilelogs
***HTRX:00190042  HTRX.respMD5:8E21C110A292A50D748073F3C1AFC5FE HTRX.reqkey:03000000F84584E159A0BBEB79537C9A7AE54E8DE143D69DB9FE023DC96B65778EDE2908
***URL: http://api.facebook.com/method/logging.mobilelogs
***HTRX:00190041  HTRX.respMD5:8E21C110A292A50D748073F3C1AFC5FE HTRX.reqkey:03000000F84584E159A0BBEB79537C9A7AE54E8D48C993123BC9DD9091947F152F4575DD
***URL: http://api.facebook.com/method/logging.mobilelogs
***HTRX:00770281  HTRX.respMD5:8E21C110A292A50D748073F3C1AFC5FE HTRX.reqkey:03000000F84584E159A0BBEB79537C9A7AE54E8D19063655E135DDDE2F655D98E333A289
***URL: http://api.facebook.com/method/logging.mobilelogs
***HTRX:00770282  HTRX.respMD5:8E21C110A292A50D748073F3C1AFC5FE HTRX.reqkey:03000000F84584E159A0BBEB79537C9A7AE54E8D6752B33F64181F40EFCA25FCEAAE9D4D
***URL: http://api.facebook.com/method/logging.mobilelogs
***HTRX:006A01A9  HTRX.respMD5:8E21C110A292A50D748073F3C1AFC5FE HTRX.reqkey:03000000F84584E159A0BBEB79537C9A7AE54E8DD47524D7A65805503EFFAA8CE8A76451
***URL: http://api.facebook.com/method/logging.mobilelogs

---HTRX:000D0066, HTRX.respMD5:29F1333BDCC834ABAC99CC61C50D33A9 HTRX.reqkey:0100000083DAC49E705F0EC06A267D72CAA7DE7FB5065CA871929BACC7A2E67A7C35F152
---URL: http://graph.facebook.com/fql?access_token=BAAAAUaZA8jlABAIGgi7h3RvtJUJOljGkZANWnpadxxl5BskzRAUoGlB4QrBHSZAtaZAZAGWpHsZBKUSDjEA9BRDZB9MVzDhWKgOXHnrNPSGVZAC8fYga25ZBAEDrjNLsqMDKJDZB7KUroVsRJfstcnJuqIZBqtXny8r07kAP0uPOkvoHp4yPLtyO7lT8oSSDOJ7sBgZD&client_country_code=US&format=json&locale=en_US&q=%7B%22notifications%22%3A%22SELECT%20notification_id%2C%20sender_id%2C%20updated_time%2C%20title_text%2C%20is_unread%2C%20is_unseen%2C%20object_id%2C%20object_type%2C%20icon_url%2C%20join_data%2C%20mobile_href%20FROM%20notification%20WHERE%20recipient_id%3D100002452150689%20AND%20is_hidden%3D0%20AND%20is_mobile_ready%20ORDER%20BY%20updated_time%20DESC%20LIMIT%2030%22%2C%22profiles%22%3A%22SELECT%20id%2C%20name%2C%20pic_square%2C%20type%20FROM%20profile%20WHERE%20id%20IN%20(SELECT%20sender_id%20FROM%20%23notifications)%22%7D
***HTRX:001A000E  HTRX.respMD5:29F1333BDCC834ABAC99CC61C50D33A9 HTRX.reqkey:0100000083DAC49E705F0EC06A267D72CAA7DE7FE4775D7AB93B1C8F7E55D198179DE71F
***URL: http://graph.facebook.com/fql?access_token=BAAAAUaZA8jlABAIGgi7h3RvtJUJOljGkZANWnpadxxl5BskzRAUoGlB4QrBHSZAtaZAZAGWpHsZBKUSDjEA9BRDZB9MVzDhWKgOXHnrNPSGVZAC8fYga25ZBAEDrjNLsqMDKJDZB7KUroVsRJfstcnJuqIZBqtXny8r07kAP0uPOkvoHp4yPLtyO7lT8oSSDOJ7sBgZD&client_country_code=US&format=json&locale=en_US&q=%7B%22notifications%22%3A%22SELECT%20notification_id%2C%20sender_id%2C%20updated_time%2C%20title_text%2C%20is_unread%2C%20is_unseen%2C%20object_id%2C%20object_type%2C%20icon_url%2C%20join_data%2C%20mobile_href%20FROM%20notification%20WHERE%20recipient_id%3D100002452150689%20AND%20is_hidden%3D0%20AND%20is_mobile_ready%20ORDER%20BY%20updated_time%20DESC%20LIMIT%2030%22%2C%22profiles%22%3A%22SELECT%20id%2C%20name%2C%20pic_square%2C%20type%20FROM%20profile%20WHERE%20id%20IN%20(SELECT%20sender_id%20FROM%20%23notifications)%22%7D

---HTRX:000C008D, HTRX.respMD5:D52D9B44F26262EF81FCDD8AC51B1E5C HTRX.reqkey:01000000BEAC95CF96EC4A2AEDF3B691E282F3EEB5065CA871929BACC7A2E67A7C35F152
---URL: http://graph.facebook.com/me/vaultdevices?access_token=BAAAAUaZA8jlABAIGgi7h3RvtJUJOljGkZANWnpadxxl5BskzRAUoGlB4QrBHSZAtaZAZAGWpHsZBKUSDjEA9BRDZB9MVzDhWKgOXHnrNPSGVZAC8fYga25ZBAEDrjNLsqMDKJDZB7KUroVsRJfstcnJuqIZBqtXny8r07kAP0uPOkvoHp4yPLtyO7lT8oSSDOJ7sBgZD&client_country_code=US&identifier_value=8e20d5c8-935a-4731-99b2-d85484081717&locale=en_US
***HTRX:001A0014  HTRX.respMD5:D52D9B44F26262EF81FCDD8AC51B1E5C HTRX.reqkey:01000000BEAC95CF96EC4A2AEDF3B691E282F3EEE4775D7AB93B1C8F7E55D198179DE71F
***URL: http://graph.facebook.com/me/vaultdevices?access_token=BAAAAUaZA8jlABAIGgi7h3RvtJUJOljGkZANWnpadxxl5BskzRAUoGlB4QrBHSZAtaZAZAGWpHsZBKUSDjEA9BRDZB9MVzDhWKgOXHnrNPSGVZAC8fYga25ZBAEDrjNLsqMDKJDZB7KUroVsRJfstcnJuqIZBqtXny8r07kAP0uPOkvoHp4yPLtyO7lT8oSSDOJ7sBgZD&client_country_code=US&identifier_value=8e20d5c8-935a-4731-99b2-d85484081717&locale=en_US

---HTRX:001000A4, HTRX.respMD5:2718897E6A3C756018763BCDFC8887F8 HTRX.reqkey:01000000D9A7A11F69A6051E16EED4BC554669FCB5065CA871929BACC7A2E67A7C35F152
---URL: http://graph.facebook.com/fql?access_token=BAAAAUaZA8jlABAIGgi7h3RvtJUJOljGkZANWnpadxxl5BskzRAUoGlB4QrBHSZAtaZAZAGWpHsZBKUSDjEA9BRDZB9MVzDhWKgOXHnrNPSGVZAC8fYga25ZBAEDrjNLsqMDKJDZB7KUroVsRJfstcnJuqIZBqtXny8r07kAP0uPOkvoHp4yPLtyO7lT8oSSDOJ7sBgZD&client_country_code=US&format=json&locale=en_US&q=%7B%22users%22%3A%22SELECT%20uid%2C%20first_name%2C%20last_name%20%2C%20last_active%20FROM%20user%20WHERE%20uid%20IN%20(SELECT%20participants.user_id%20FROM%20%23threads)%22%2C%22participant_profiles%22%3A%22SELECT%20id%2C%20name%2C%20type%2C%20pic_big%2C%20pic_square%2C%20pic_crop%20FROM%20profile%20WHERE%20id%20in%20(SELECT%20participants.user_id%20FROM%20%23threads)%22%2C%22folder_counts%22%3A%22SELECT%20folder%2C%20unread_count%2C%20unseen_count%2C%20last_seen_time%2C%20total_threads%2C%20last_action_id%20FROM%20unified_message_count%20WHERE%20fol

***HTRX:000C01BA  HTRX.respMD5:2718897E6A3C756018763BCDFC8887F8 HTRX.reqkey:01000000D9A7A11F69A6051E16EED4BC554669FC7DA68684EA4BE5AF145344047B9D8CC9
***URL: http://graph.facebook.com/fql?access_token=BAAAAUaZA8jlABAIGgi7h3RvtJUJOljGkZANWnpadxxl5BskzRAUoGlB4QrBHSZAtaZAZAGWpHsZBKUSDjEA9BRDZB9MVzDhWKgOXHnrNPSGVZAC8fYga25ZBAEDrjNLsqMDKJDZB7KUroVsRJfstcnJuqIZBqtXny8r07kAP0uPOkvoHp4yPLtyO7lT8oSSDOJ7sBgZD&client_country_code=US&format=json&locale=en_US&q=%7B%22users%22%3A%22SELECT%20uid%2C%20first_name%2C%20last_name%20%2C%20last_active%20FROM%20user%20WHERE%20uid%20IN%20(SELECT%20participants.user_id%20FROM%20%23threads)%22%2C%22participant_profiles%22%3A%22SELECT%20id%2C%20name%2C%20type%2C%20pic_big%2C%20pic_square%2C%20pic_crop%20FROM%20profile%20WHERE%20id%20in%20(SELECT%20participants.user_id%20FROM%20%23threads)%22%2C%22folder_counts%22%3A%22SELECT%20folder%2C%20unread_count%2C%20unseen_count%2C%20last_seen_time%2C%20total_threads%2C%20last_action_id%20FROM%20unified_message_count%20WHERE%20fol


---HTRX:00100107, HTRX.respMD5:D7C3C1AF5DEBCD40F48C3D2EEF492AC6 HTRX.reqkey:03000000324C2BD122B051457C0E2DF7684AC8C4D7E8759318B54F492EA67C31ABDE9363
---URL: http://graph.facebook.com/graphql
***HTRX:0076027F  HTRX.respMD5:D7C3C1AF5DEBCD40F48C3D2EEF492AC6 HTRX.reqkey:03000000324C2BD122B051457C0E2DF7684AC8C40176B626CBE86CE66344CFC0E22F024D
***URL: http://graph.facebook.com/graphql
***HTRX:00760277  HTRX.respMD5:D7C3C1AF5DEBCD40F48C3D2EEF492AC6 HTRX.reqkey:03000000324C2BD122B051457C0E2DF7684AC8C4FB28BC48BCF443BA22C7D3CF6904C5A3
***URL: http://graph.facebook.com/graphql
***HTRX:00100115  HTRX.respMD5:D7C3C1AF5DEBCD40F48C3D2EEF492AC6 HTRX.reqkey:03000000324C2BD122B051457C0E2DF7684AC8C48B1942BB73375225648E67E6CCC6ED47
***URL: http://graph.facebook.com/graphql
***HTRX:000E002C  HTRX.respMD5:D7C3C1AF5DEBCD40F48C3D2EEF492AC6 HTRX.reqkey:03000000324C2BD122B051457C0E2DF7684AC8C4660A31CAFDE03380AE3617846E4AFC01
***URL: http://graph.facebook.com/graphql
***HTRX:006B01A3  HTRX.respMD5:D7C3C1AF5DEBCD40F48C3D2EEF492AC6 HTRX.reqkey:03000000324C2BD122B051457C0E2DF7684AC8C4B2BEFEFF582155AAFB85897031E34019
***URL: http://graph.facebook.com/graphql
***HTRX:004C003B  HTRX.respMD5:D7C3C1AF5DEBCD40F48C3D2EEF492AC6 HTRX.reqkey:03000000324C2BD122B051457C0E2DF7684AC8C4432EE926FF9DB7CA1A2A43B308A7F608
***URL: http://graph.facebook.com/graphql
***HTRX:000D01C9  HTRX.respMD5:D7C3C1AF5DEBCD40F48C3D2EEF492AC6 HTRX.reqkey:03000000324C2BD122B051457C0E2DF7684AC8C437FD549A74522B64DA89BA897B15F4A6
***URL: http://graph.facebook.com/graphql
***HTRX:000F01CA  HTRX.respMD5:D7C3C1AF5DEBCD40F48C3D2EEF492AC6 HTRX.reqkey:03000000324C2BD122B051457C0E2DF7684AC8C437BC1DF8D86AFC47B9ED8260FE492196
***URL: http://graph.facebook.com/graphql

---HTRX:004C0040, HTRX.respMD5:0A64B1C1F2288BCA305E845F1149B729 HTRX.reqkey:0300000096175A63D6CF44F6B85F269E580FD5A08ECCF2CFEF9A8DB386E42995DBE5C734
---URL: http://graph.facebook.com/me/megaphones/1145
***HTRX:000E0038  HTRX.respMD5:0A64B1C1F2288BCA305E845F1149B729 HTRX.reqkey:0300000096175A63D6CF44F6B85F269E580FD5A0656FE7BDC6EEFADC88BAB88B870BD25C
***URL: http://graph.facebook.com/me/megaphones/1145
***HTRX:000E029C  HTRX.respMD5:0A64B1C1F2288BCA305E845F1149B729 HTRX.reqkey:03000000BDA8EF9297187F418AB24112F752DC9D30C4BEF28AFCFF6856228BCA356E0737
***URL: http://graph.facebook.com/100002452150689/attributions?access_token=BAAAAUaZA8jlABAIGgi7h3RvtJUJOljGkZANWnpadxxl5BskzRAUoGlB4QrBHSZAtaZAZAGWpHsZBKUSDjEA9BRDZB9MVzDhWKgOXHnrNPSGVZAC8fYga25ZBAEDrjNLsqMDKJDZB7KUroVsRJfstcnJuqIZBqtXny8r07kAP0uPOkvoHp4yPLtyO7lT8oSSDOJ7sBgZD&attribution=e28b0e6a-d81f-4e2f-993c-557da9e25e31&fb_device=8e20d5c8-935a-4731-99b2-d85484081717
***HTRX:0076027E  HTRX.respMD5:0A64B1C1F2288BCA305E845F1149B729 HTRX.reqkey:0300000096175A63D6CF44F6B85F269E580FD5A0BF8BD9E186C3594E2636E258FE9B95D8
***URL: http://graph.facebook.com/me/megaphones/1145
***HTRX:00100113  HTRX.respMD5:0A64B1C1F2288BCA305E845F1149B729 HTRX.reqkey:0300000096175A63D6CF44F6B85F269E580FD5A06F7E0EB9C804678BC3A8FB7D458B6A83
***URL: http://graph.facebook.com/me/megaphones/1145
***HTRX:00100112  HTRX.respMD5:0A64B1C1F2288BCA305E845F1149B729 HTRX.reqkey:0300000096175A63D6CF44F6B85F269E580FD5A0A68BC295B9FE0BB74288182B7D90CBE6
***URL: http://graph.facebook.com/me/megaphones/1145
***HTRX:00100118  HTRX.respMD5:0A64B1C1F2288BCA305E845F1149B729 HTRX.reqkey:0300000096175A63D6CF44F6B85F269E580FD5A0C78EED963D19632773C3C204EE919C6D
***URL: http://graph.facebook.com/me/megaphones/1145
***HTRX:006B01A6  HTRX.respMD5:0A64B1C1F2288BCA305E845F1149B729 HTRX.reqkey:0300000096175A63D6CF44F6B85F269E580FD5A0688E24FA101C44C3E7B88D7BEE009CBA
***URL: http://graph.facebook.com/me/megaphones/1145
***HTRX:00260010  HTRX.respMD5:0A64B1C1F2288BCA305E845F1149B729 HTRX.reqkey:030000005A3AC0777A8F34F7D35665E20117B414854EDF8BDB5F08A4203F8F59AC695680
***URL: http://graph.facebook.com/100002452150689/attributions?access_token=BAAAAUaZA8jlABAIGgi7h3RvtJUJOljGkZANWnpadxxl5BskzRAUoGlB4QrBHSZAtaZAZAGWpHsZBKUSDjEA9BRDZB9MVzDhWKgOXHnrNPSGVZAC8fYga25ZBAEDrjNLsqMDKJDZB7KUroVsRJfstcnJuqIZBqtXny8r07kAP0uPOkvoHp4yPLtyO7lT8oSSDOJ7sBgZD&attribution=05055fd3-93ab-4259-8ec2-eb182318b9d4&fb_device=8e20d5c8-935a-4731-99b2-d85484081717
***HTRX:00760280  HTRX.respMD5:0A64B1C1F2288BCA305E845F1149B729 HTRX.reqkey:0300000096175A63D6CF44F6B85F269E580FD5A0F0BE43FEC7CF30CBCB35E991EA3C51F7
***URL: http://graph.facebook.com/me/megaphones/1145
***HTRX:000F01CD  HTRX.respMD5:0A64B1C1F2288BCA305E845F1149B729 HTRX.reqkey:0300000096175A63D6CF44F6B85F269E580FD5A064636768CBCB2EC09AC14399E4F56BF2
***URL: http://graph.facebook.com/me/megaphones/1145
***HTRX:000D01CF  HTRX.respMD5:0A64B1C1F2288BCA305E845F1149B729 HTRX.reqkey:0300000096175A63D6CF44F6B85F269E580FD5A0F1E9BB4053A2AB5641DF4A8D766FD77E
***URL: http://graph.facebook.com/me/megaphones/1145

---HTRX:000C007D, HTRX.respMD5:5350894009265BE0CC587903AE0D421F HTRX.reqkey:010000007419A5B41685EC7F0E953FF1B1BA16A5887AE53D5D4CED5C929957A13DBAEF39
---URL: http://m.facebook.com/auth.php?api_key=882a8490361da98702bf97a021ddc14d&session_key=5.rQfJVG2iaRb8qg.1358911893.192-100002452150689&t=1358912126&uid=100002452150689&url=https%3A%2F%2Fm.facebook.com%2Fdialog%2Foauth%3Fandroid_key%3DaXJuef23duQREctLmeO2qdGr7Dw%250A%26calling_package_key%3Dcom.htc.socialnetwork.facebook%26client_id%3D193278124048833%26display%3Dtouch%26redirect_uri%3Dfbconnect%253A%252F%252Fsuccess%26scope%3Doffline_access%252Cxmpp_login%26type%3Duser_agent
***HTRX:000C0078  HTRX.respMD5:5350894009265BE0CC587903AE0D421F HTRX.reqkey:01000000276D3D923D06695AE5D5067471DC246A887AE53D5D4CED5C929957A13DBAEF39
***URL: http://m.facebook.com/auth.php?api_key=882a8490361da98702bf97a021ddc14d&session_key=5.rQfJVG2iaRb8qg.1358911893.192-100002452150689&t=1358912121&uid=100002452150689&url=https%3A%2F%2Fm.facebook.com%2Fdialog%2Foauth%3Fandroid_key%3DaXJuef23duQREctLmeO2qdGr7Dw%250A%26calling_package_key%3Dcom.htc.socialnetwork.facebook%26client_id%3D193278124048833%26display%3Dtouch%26redirect_uri%3Dfbconnect%253A%252F%252Fsuccess%26scope%3Doffline_access%252Cxmpp_login%26type%3Duser_agent
***HTRX:000E0022  HTRX.respMD5:5350894009265BE0CC587903AE0D421F HTRX.reqkey:01000000142FD522687CA2B1DFF3937FF3149B37887AE53D5D4CED5C929957A13DBAEF39
***URL: http://m.facebook.com/auth.php?api_key=882a8490361da98702bf97a021ddc14d&session_key=5.rQfJVG2iaRb8qg.1358911893.192-100002452150689&t=1358911940&uid=100002452150689&url=https%3A%2F%2Fm.facebook.com%2Fdialog%2Foauth%3Fandroid_key%3DaXJuef23duQREctLmeO2qdGr7Dw%250A%26calling_package_key%3Dcom.htc.socialnetwork.facebook%26client_id%3D193278124048833%26display%3Dtouch%26redirect_uri%3Dfbconnect%253A%252F%252Fsuccess%26scope%3Doffline_access%252Cxmpp_login%26type%3Duser_agent
***HTRX:00260094  HTRX.respMD5:5350894009265BE0CC587903AE0D421F HTRX.reqkey:01000000190DB17988BE34C4763D2BFAA71C006D887AE53D5D4CED5C929957A13DBAEF39
***URL: http://m.facebook.com/auth.php?api_key=882a8490361da98702bf97a021ddc14d&session_key=5.rQfJVG2iaRb8qg.1358911893.192-100002452150689&t=1358912234&uid=100002452150689&url=https%3A%2F%2Fm.facebook.com%2Fdialog%2Foauth%3Fandroid_key%3DaXJuef23duQREctLmeO2qdGr7Dw%250A%26calling_package_key%3Dcom.htc.socialnetwork.facebook%26client_id%3D193278124048833%26display%3Dtouch%26redirect_uri%3Dfbconnect%253A%252F%252Fsuccess%26scope%3Doffline_access%252Cxmpp_login%26type%3Duser_agent
***HTRX:00260099  HTRX.respMD5:5350894009265BE0CC587903AE0D421F HTRX.reqkey:0100000052F2876DA09A3E8C92BA2A92DB164614887AE53D5D4CED5C929957A13DBAEF39
***URL: http://m.facebook.com/auth.php?api_key=882a8490361da98702bf97a021ddc14d&session_key=5.rQfJVG2iaRb8qg.1358911893.192-100002452150689&t=1358912239&uid=100002452150689&url=https%3A%2F%2Fm.facebook.com%2Fdialog%2Foauth%3Fandroid_key%3DaXJuef23duQREctLmeO2qdGr7Dw%250A%26calling_package_key%3Dcom.htc.socialnetwork.facebook%26client_id%3D193278124048833%26display%3Dtouch%26redirect_uri%3Dfbconnect%253A%252F%252Fsuccess%26scope%3Doffline_access%252Cxmpp_login%26type%3Duser_agent

---HTRX:0076027D, HTRX.respMD5:7ED3278C0758717A3B44EA32B6C0BCFF HTRX.reqkey:03000000324C2BD122B051457C0E2DF7684AC8C439B3E6583ADB030990CA09782DF25782
---URL: http://graph.facebook.com/graphql
***HTRX:006B01A5  HTRX.respMD5:7ED3278C0758717A3B44EA32B6C0BCFF HTRX.reqkey:03000000324C2BD122B051457C0E2DF7684AC8C4FED370E3EACA3588BDEC9633A232F873
***URL: http://graph.facebook.com/graphql

---HTRX:000D0029, HTRX.respMD5:7A025F099DDC283A3F9F2DA0A9F4DCF8 HTRX.reqkey:010000004AD880527127152F83A10A9FAC9FBCFBA3D15D383A12DFF3C626A7CF7D9E1703
---URL: http://api-read.facebook.com/restserver.php?api_key=882a8490361da98702bf97a021ddc14d&format=JSON&locale=en_US&method=fql.multiquery&migrations_override=%7B%27empty_json%27%3A+true%7D&queries=%7B%22friends%22%3A%22SELECT+uid%2Cfirst_name%2Clast_name%2Cname%2Cpic_square%2Ccell%2Cother_phone%2Ccontact_email%2Cbirthday_date%2Csearch_tokens+FROM+user+WHERE+%28uid+IN+%28SELECT+uid2+FROM+friend+WHERE+uid1%3D100002452150689%29%29%3B%22%2C%22admin%22%3A%22SELECT+id%2Ccan_post%2Cpic_square%2Ctype%2Cname+FROM+profile+WHERE+id+IN+%28SELECT+page_id+FROM+page_admin+WHERE+uid%3D100002452150689%29%22%2C%22fan%22%3A%22SELECT+id%2Ccan_post%2Cpic_square%2Ctype%2Cname+FROM+profile+WHERE+id+IN+%28SELECT+page_id+FROM+page_fan+WHERE+uid%3D100002452150689%29%22%7D&return_ssl_resources=0&session_key=5.rQfJVG2iaRb8qg.1358911893.192-100002452150689&v=1.0
***HTRX:000C0076  HTRX.respMD5:7A025F099DDC283A3F9F2DA0A9F4DCF8 HTRX.reqkey:010000004AD880527127152F83A10A9FAC9FBCFB2787D089CD6F9C67A6CD7207749F1E54
***URL: http://api-read.facebook.com/restserver.php?api_key=882a8490361da98702bf97a021ddc14d&format=JSON&locale=en_US&method=fql.multiquery&migrations_override=%7B%27empty_json%27%3A+true%7D&queries=%7B%22friends%22%3A%22SELECT+uid%2Cfirst_name%2Clast_name%2Cname%2Cpic_square%2Ccell%2Cother_phone%2Ccontact_email%2Cbirthday_date%2Csearch_tokens+FROM+user+WHERE+%28uid+IN+%28SELECT+uid2+FROM+friend+WHERE+uid1%3D100002452150689%29%29%3B%22%2C%22admin%22%3A%22SELECT+id%2Ccan_post%2Cpic_square%2Ctype%2Cname+FROM+profile+WHERE+id+IN+%28SELECT+page_id+FROM+page_admin+WHERE+uid%3D100002452150689%29%22%2C%22fan%22%3A%22SELECT+id%2Ccan_post%2Cpic_square%2Ctype%2Cname+FROM+profile+WHERE+id+IN+%28SELECT+page_id+FROM+page_fan+WHERE+uid%3D100002452150689%29%22%7D&return_ssl_resources=0&session_key=5.rQfJVG2iaRb8qg.1358911893.192-100002452150689&v=1.0

---HTRX:000E0401, HTRX.respMD5:1C1C3BB644F2304DBB4476C0C78687DD HTRX.reqkey:03000000CCC05E1FC952541D688D269FD938FE82BD4875A4832A8E5546D9EE706F7FF36F
---URL: http://graph.facebook.com/?client_country_code=US&locale=en_US
***HTRX:00100353  HTRX.respMD5:1C1C3BB644F2304DBB4476C0C78687DD HTRX.reqkey:03000000CCC05E1FC952541D688D269FD938FE82A0FE2F89B7AA0087F7BEDE33D3991F83
***URL: http://graph.facebook.com/?client_country_code=US&locale=en_US
***HTRX:001003A0  HTRX.respMD5:1C1C3BB644F2304DBB4476C0C78687DD HTRX.reqkey:03000000CCC05E1FC952541D688D269FD938FE82B60CBF3AE58763D475166B4A0F48A369
***URL: http://graph.facebook.com/?client_country_code=US&locale=en_US
***HTRX:001A0018  HTRX.respMD5:1C1C3BB644F2304DBB4476C0C78687DD HTRX.reqkey:03000000CCC05E1FC952541D688D269FD938FE82AF1BCDBFCB6C6079CAF0A6F3BE203EB7
***URL: http://graph.facebook.com/?client_country_code=US&locale=en_US
***HTRX:001002E2  HTRX.respMD5:1C1C3BB644F2304DBB4476C0C78687DD HTRX.reqkey:03000000CCC05E1FC952541D688D269FD938FE82B33AAC91C35BF938FDB9564E0CAADE52
***URL: http://graph.facebook.com/?client_country_code=US&locale=en_US
***HTRX:000F022B  HTRX.respMD5:1C1C3BB644F2304DBB4476C0C78687DD HTRX.reqkey:03000000CCC05E1FC952541D688D269FD938FE82532651FFE85FBD239C328A37BBEE18A5
***URL: http://graph.facebook.com/?client_country_code=US&locale=en_US

---HTRX:000F0109, HTRX.respMD5:AAE89B2FE61448D8E60C2AF0ABF50C31 HTRX.reqkey:0300000036AC2FCFC7A03F2A1BAC71A93245D77D533797CA1ABDE1562B4005FC22D91A80
---URL: http://api.facebook.com/restserver.php
***HTRX:0077027A  HTRX.respMD5:AAE89B2FE61448D8E60C2AF0ABF50C31 HTRX.reqkey:0300000036AC2FCFC7A03F2A1BAC71A93245D77D210284B81DCBEF8C05ECEB8D6B64D4FC
***URL: http://api.facebook.com/restserver.php
